2026-04-22 18:12:57 | INFO     | __main__ | Logger working perfectly
2026-04-22 18:19:58 | INFO     | src.ingestion.yfinance_fetcher | [AAPL] Downloading 1d data (attempt 1/3)
2026-04-22 18:25:14 | INFO     | src.ingestion.yfinance_fetcher | [AAPL] Downloading 1d data (attempt 1/3)
2026-04-22 18:28:50 | INFO     | src.ingestion.yfinance_fetcher | [AAPL] Downloading 1d data (attempt 1/3)
2026-04-22 18:28:50 | INFO     | src.ingestion.yfinance_fetcher | [AAPL] Cleaned: 501/501 rows kept
2026-04-22 18:28:51 | INFO     | src.ingestion.yfinance_fetcher | [AAPL] Daily data cached (501 rows)
2026-04-22 18:33:27 | INFO     | src.ingestion.yfinance_fetcher | [AAPL] Downloading 1d data (attempt 1/3)
2026-04-22 18:33:28 | INFO     | src.ingestion.yfinance_fetcher | [AAPL] Cleaned: 501/501 rows kept
2026-04-22 18:33:28 | INFO     | src.ingestion.yfinance_fetcher | [AAPL] Daily data cached (501 rows)
2026-04-22 18:33:28 | INFO     | src.features.technical_indicators | [AAPL] Building features from 501 bars
2026-04-22 18:33:36 | WARNING  | src.features.technical_indicators | Candlestick patterns failed: module 'pandas_ta' has no attribute 'cdl_hammer'
2026-04-22 18:33:36 | DEBUG    | src.features.technical_indicators | [AAPL] Trend: +25 features
2026-04-22 18:33:36 | DEBUG    | src.features.technical_indicators | [AAPL] Momentum: +13 features
2026-04-22 18:33:36 | DEBUG    | src.features.technical_indicators | [AAPL] Volatility: +18 features
2026-04-22 18:33:36 | DEBUG    | src.features.technical_indicators | [AAPL] Volume: +11 features
2026-04-22 18:33:36 | DEBUG    | src.features.technical_indicators | [AAPL] Returns: +18 features
2026-04-22 18:33:36 | DEBUG    | src.features.technical_indicators | [AAPL] Patterns: +4 features
2026-04-22 18:33:36 | DEBUG    | src.features.technical_indicators | [AAPL] Regime: +4 features
2026-04-22 18:33:36 | DEBUG    | src.features.technical_indicators | [AAPL] Dropped 251 warm-up rows (250 rows remaining)
2026-04-22 18:33:36 | INFO     | src.features.technical_indicators | [AAPL] Feature matrix ready: 250 rows x 98 columns
2026-04-22 18:36:27 | INFO     | src.ingestion.yfinance_fetcher | [AAPL] Downloading 1d data (attempt 1/3)
2026-04-22 18:36:28 | INFO     | src.ingestion.yfinance_fetcher | [AAPL] Cleaned: 501/501 rows kept
2026-04-22 18:36:28 | INFO     | src.ingestion.yfinance_fetcher | [AAPL] Daily data cached (501 rows)
2026-04-22 18:36:28 | INFO     | src.ingestion.yfinance_fetcher | [MSFT] Downloading 1d data (attempt 1/3)
2026-04-22 18:36:28 | INFO     | src.ingestion.yfinance_fetcher | [MSFT] Cleaned: 501/501 rows kept
2026-04-22 18:36:28 | INFO     | src.ingestion.yfinance_fetcher | [MSFT] Daily data cached (501 rows)
2026-04-22 18:36:28 | INFO     | src.ingestion.yfinance_fetcher | [NVDA] Downloading 1d data (attempt 1/3)
2026-04-22 18:36:28 | INFO     | src.ingestion.yfinance_fetcher | [NVDA] Cleaned: 501/501 rows kept
2026-04-22 18:36:28 | INFO     | src.ingestion.yfinance_fetcher | [NVDA] Daily data cached (501 rows)
2026-04-22 18:36:28 | INFO     | src.ingestion.yfinance_fetcher | [TSLA] Downloading 1d data (attempt 1/3)
2026-04-22 18:36:29 | INFO     | src.ingestion.yfinance_fetcher | [TSLA] Cleaned: 501/501 rows kept
2026-04-22 18:36:29 | INFO     | src.ingestion.yfinance_fetcher | [TSLA] Daily data cached (501 rows)
2026-04-22 18:36:29 | INFO     | src.ingestion.yfinance_fetcher | [SPY] Downloading 1d data (attempt 1/3)
2026-04-22 18:36:29 | INFO     | src.ingestion.yfinance_fetcher | [SPY] Cleaned: 501/501 rows kept
2026-04-22 18:36:29 | INFO     | src.ingestion.yfinance_fetcher | [SPY] Daily data cached (501 rows)
2026-04-22 18:36:29 | INFO     | src.ingestion.yfinance_fetcher | [CVX] Downloading 1d data (attempt 1/3)
2026-04-22 18:36:29 | INFO     | src.ingestion.yfinance_fetcher | [CVX] Cleaned: 501/501 rows kept
2026-04-22 18:36:30 | INFO     | src.ingestion.yfinance_fetcher | [CVX] Daily data cached (501 rows)
2026-04-22 18:36:30 | INFO     | src.ingestion.yfinance_fetcher | [AMD] Downloading 1d data (attempt 1/3)
2026-04-22 18:36:30 | INFO     | src.ingestion.yfinance_fetcher | [AMD] Cleaned: 501/501 rows kept
2026-04-22 18:36:30 | INFO     | src.ingestion.yfinance_fetcher | [AMD] Daily data cached (501 rows)
2026-04-22 18:36:30 | INFO     | src.ingestion.yfinance_fetcher | [GLD] Downloading 1d data (attempt 1/3)
2026-04-22 18:36:30 | INFO     | src.ingestion.yfinance_fetcher | [GLD] Cleaned: 501/501 rows kept
2026-04-22 18:36:30 | INFO     | src.ingestion.yfinance_fetcher | [GLD] Daily data cached (501 rows)
2026-04-22 18:36:30 | INFO     | src.ingestion.yfinance_fetcher | [BTC-USD] Downloading 1d data (attempt 1/3)
2026-04-22 18:36:30 | INFO     | src.ingestion.yfinance_fetcher | [BTC-USD] Cleaned: 731/731 rows kept
2026-04-22 18:36:30 | INFO     | src.ingestion.yfinance_fetcher | [BTC-USD] Daily data cached (731 rows)
2026-04-22 18:36:31 | INFO     | src.ingestion.yfinance_fetcher | [DOL.TO] Downloading 1d data (attempt 1/3)
2026-04-22 18:36:31 | INFO     | src.ingestion.yfinance_fetcher | [DOL.TO] Cleaned: 503/503 rows kept
2026-04-22 18:36:31 | INFO     | src.ingestion.yfinance_fetcher | [DOL.TO] Daily data cached (503 rows)
2026-04-22 18:36:31 | INFO     | src.ingestion.yfinance_fetcher | [VFV.TO] Downloading 1d data (attempt 1/3)
2026-04-22 18:36:31 | INFO     | src.ingestion.yfinance_fetcher | [VFV.TO] Cleaned: 503/503 rows kept
2026-04-22 18:36:31 | INFO     | src.ingestion.yfinance_fetcher | [VFV.TO] Daily data cached (503 rows)
2026-04-22 18:36:31 | INFO     | src.ingestion.yfinance_fetcher | [CSU.TO] Downloading 1d data (attempt 1/3)
2026-04-22 18:36:32 | INFO     | src.ingestion.yfinance_fetcher | [CSU.TO] Cleaned: 503/503 rows kept
2026-04-22 18:36:32 | INFO     | src.ingestion.yfinance_fetcher | [CSU.TO] Daily data cached (503 rows)
2026-04-22 18:36:32 | INFO     | src.features.technical_indicators | [AAPL] Building features from 501 bars
2026-04-22 18:36:32 | WARNING  | src.features.technical_indicators | Candlestick patterns failed: module 'pandas_ta' has no attribute 'cdl_hammer'
2026-04-22 18:36:32 | DEBUG    | src.features.technical_indicators | [AAPL] Trend: +25 features
2026-04-22 18:36:32 | DEBUG    | src.features.technical_indicators | [AAPL] Momentum: +13 features
2026-04-22 18:36:32 | DEBUG    | src.features.technical_indicators | [AAPL] Volatility: +18 features
2026-04-22 18:36:32 | DEBUG    | src.features.technical_indicators | [AAPL] Volume: +11 features
2026-04-22 18:36:32 | DEBUG    | src.features.technical_indicators | [AAPL] Returns: +18 features
2026-04-22 18:36:32 | DEBUG    | src.features.technical_indicators | [AAPL] Patterns: +4 features
2026-04-22 18:36:32 | DEBUG    | src.features.technical_indicators | [AAPL] Regime: +4 features
2026-04-22 18:36:32 | DEBUG    | src.features.technical_indicators | [AAPL] Dropped 251 warm-up rows (250 rows remaining)
2026-04-22 18:36:32 | INFO     | src.features.technical_indicators | [AAPL] Feature matrix ready: 250 rows x 98 columns
2026-04-22 18:36:32 | INFO     | src.features.technical_indicators | [MSFT] Building features from 501 bars
2026-04-22 18:36:32 | WARNING  | src.features.technical_indicators | Candlestick patterns failed: module 'pandas_ta' has no attribute 'cdl_hammer'
2026-04-22 18:36:32 | DEBUG    | src.features.technical_indicators | [MSFT] Trend: +25 features
2026-04-22 18:36:32 | DEBUG    | src.features.technical_indicators | [MSFT] Momentum: +13 features
2026-04-22 18:36:32 | DEBUG    | src.features.technical_indicators | [MSFT] Volatility: +18 features
2026-04-22 18:36:32 | DEBUG    | src.features.technical_indicators | [MSFT] Volume: +11 features
2026-04-22 18:36:32 | DEBUG    | src.features.technical_indicators | [MSFT] Returns: +18 features
2026-04-22 18:36:32 | DEBUG    | src.features.technical_indicators | [MSFT] Patterns: +4 features
2026-04-22 18:36:32 | DEBUG    | src.features.technical_indicators | [MSFT] Regime: +4 features
2026-04-22 18:36:32 | DEBUG    | src.features.technical_indicators | [MSFT] Dropped 251 warm-up rows (250 rows remaining)
2026-04-22 18:36:32 | INFO     | src.features.technical_indicators | [MSFT] Feature matrix ready: 250 rows x 98 columns
2026-04-22 18:36:32 | INFO     | src.features.technical_indicators | [NVDA] Building features from 501 bars
2026-04-22 18:36:32 | WARNING  | src.features.technical_indicators | Candlestick patterns failed: module 'pandas_ta' has no attribute 'cdl_hammer'
2026-04-22 18:36:32 | DEBUG    | src.features.technical_indicators | [NVDA] Trend: +25 features
2026-04-22 18:36:32 | DEBUG    | src.features.technical_indicators | [NVDA] Momentum: +13 features
2026-04-22 18:36:32 | DEBUG    | src.features.technical_indicators | [NVDA] Volatility: +18 features
2026-04-22 18:36:32 | DEBUG    | src.features.technical_indicators | [NVDA] Volume: +11 features
2026-04-22 18:36:32 | DEBUG    | src.features.technical_indicators | [NVDA] Returns: +18 features
2026-04-22 18:36:32 | DEBUG    | src.features.technical_indicators | [NVDA] Patterns: +4 features
2026-04-22 18:36:32 | DEBUG    | src.features.technical_indicators | [NVDA] Regime: +4 features
2026-04-22 18:36:32 | DEBUG    | src.features.technical_indicators | [NVDA] Dropped 251 warm-up rows (250 rows remaining)
2026-04-22 18:36:32 | INFO     | src.features.technical_indicators | [NVDA] Feature matrix ready: 250 rows x 98 columns
2026-04-22 18:36:32 | INFO     | src.features.technical_indicators | [TSLA] Building features from 501 bars
2026-04-22 18:36:32 | WARNING  | src.features.technical_indicators | Candlestick patterns failed: module 'pandas_ta' has no attribute 'cdl_hammer'
2026-04-22 18:36:32 | DEBUG    | src.features.technical_indicators | [TSLA] Trend: +25 features
2026-04-22 18:36:32 | DEBUG    | src.features.technical_indicators | [TSLA] Momentum: +13 features
2026-04-22 18:36:32 | DEBUG    | src.features.technical_indicators | [TSLA] Volatility: +18 features
2026-04-22 18:36:32 | DEBUG    | src.features.technical_indicators | [TSLA] Volume: +11 features
2026-04-22 18:36:32 | DEBUG    | src.features.technical_indicators | [TSLA] Returns: +18 features
2026-04-22 18:36:32 | DEBUG    | src.features.technical_indicators | [TSLA] Patterns: +4 features
2026-04-22 18:36:32 | DEBUG    | src.features.technical_indicators | [TSLA] Regime: +4 features
2026-04-22 18:36:32 | DEBUG    | src.features.technical_indicators | [TSLA] Dropped 251 warm-up rows (250 rows remaining)
2026-04-22 18:36:32 | INFO     | src.features.technical_indicators | [TSLA] Feature matrix ready: 250 rows x 98 columns
2026-04-22 18:36:32 | INFO     | src.features.technical_indicators | [SPY] Building features from 501 bars
2026-04-22 18:36:33 | WARNING  | src.features.technical_indicators | Candlestick patterns failed: module 'pandas_ta' has no attribute 'cdl_hammer'
2026-04-22 18:36:33 | DEBUG    | src.features.technical_indicators | [SPY] Trend: +25 features
2026-04-22 18:36:33 | DEBUG    | src.features.technical_indicators | [SPY] Momentum: +13 features
2026-04-22 18:36:33 | DEBUG    | src.features.technical_indicators | [SPY] Volatility: +18 features
2026-04-22 18:36:33 | DEBUG    | src.features.technical_indicators | [SPY] Volume: +11 features
2026-04-22 18:36:33 | DEBUG    | src.features.technical_indicators | [SPY] Returns: +18 features
2026-04-22 18:36:33 | DEBUG    | src.features.technical_indicators | [SPY] Patterns: +4 features
2026-04-22 18:36:33 | DEBUG    | src.features.technical_indicators | [SPY] Regime: +4 features
2026-04-22 18:36:33 | DEBUG    | src.features.technical_indicators | [SPY] Dropped 251 warm-up rows (250 rows remaining)
2026-04-22 18:36:33 | INFO     | src.features.technical_indicators | [SPY] Feature matrix ready: 250 rows x 98 columns
2026-04-22 18:36:33 | INFO     | src.features.technical_indicators | [CVX] Building features from 501 bars
2026-04-22 18:36:33 | WARNING  | src.features.technical_indicators | Candlestick patterns failed: module 'pandas_ta' has no attribute 'cdl_hammer'
2026-04-22 18:36:33 | DEBUG    | src.features.technical_indicators | [CVX] Trend: +25 features
2026-04-22 18:36:33 | DEBUG    | src.features.technical_indicators | [CVX] Momentum: +13 features
2026-04-22 18:36:33 | DEBUG    | src.features.technical_indicators | [CVX] Volatility: +18 features
2026-04-22 18:36:33 | DEBUG    | src.features.technical_indicators | [CVX] Volume: +11 features
2026-04-22 18:36:33 | DEBUG    | src.features.technical_indicators | [CVX] Returns: +18 features
2026-04-22 18:36:33 | DEBUG    | src.features.technical_indicators | [CVX] Patterns: +4 features
2026-04-22 18:36:33 | DEBUG    | src.features.technical_indicators | [CVX] Regime: +4 features
2026-04-22 18:36:33 | DEBUG    | src.features.technical_indicators | [CVX] Dropped 251 warm-up rows (250 rows remaining)
2026-04-22 18:36:33 | INFO     | src.features.technical_indicators | [CVX] Feature matrix ready: 250 rows x 98 columns
2026-04-22 18:36:33 | INFO     | src.features.technical_indicators | [AMD] Building features from 501 bars
2026-04-22 18:36:33 | WARNING  | src.features.technical_indicators | Candlestick patterns failed: module 'pandas_ta' has no attribute 'cdl_hammer'
2026-04-22 18:36:33 | DEBUG    | src.features.technical_indicators | [AMD] Trend: +25 features
2026-04-22 18:36:33 | DEBUG    | src.features.technical_indicators | [AMD] Momentum: +13 features
2026-04-22 18:36:33 | DEBUG    | src.features.technical_indicators | [AMD] Volatility: +18 features
2026-04-22 18:36:33 | DEBUG    | src.features.technical_indicators | [AMD] Volume: +11 features
2026-04-22 18:36:33 | DEBUG    | src.features.technical_indicators | [AMD] Returns: +18 features
2026-04-22 18:36:33 | DEBUG    | src.features.technical_indicators | [AMD] Patterns: +4 features
2026-04-22 18:36:33 | DEBUG    | src.features.technical_indicators | [AMD] Regime: +4 features
2026-04-22 18:36:33 | DEBUG    | src.features.technical_indicators | [AMD] Dropped 251 warm-up rows (250 rows remaining)
2026-04-22 18:36:33 | INFO     | src.features.technical_indicators | [AMD] Feature matrix ready: 250 rows x 98 columns
2026-04-22 18:36:33 | INFO     | src.features.technical_indicators | [GLD] Building features from 501 bars
2026-04-22 18:36:33 | WARNING  | src.features.technical_indicators | Candlestick patterns failed: module 'pandas_ta' has no attribute 'cdl_hammer'
2026-04-22 18:36:33 | DEBUG    | src.features.technical_indicators | [GLD] Trend: +25 features
2026-04-22 18:36:33 | DEBUG    | src.features.technical_indicators | [GLD] Momentum: +13 features
2026-04-22 18:36:33 | DEBUG    | src.features.technical_indicators | [GLD] Volatility: +18 features
2026-04-22 18:36:33 | DEBUG    | src.features.technical_indicators | [GLD] Volume: +11 features
2026-04-22 18:36:33 | DEBUG    | src.features.technical_indicators | [GLD] Returns: +18 features
2026-04-22 18:36:33 | DEBUG    | src.features.technical_indicators | [GLD] Patterns: +4 features
2026-04-22 18:36:33 | DEBUG    | src.features.technical_indicators | [GLD] Regime: +4 features
2026-04-22 18:36:33 | DEBUG    | src.features.technical_indicators | [GLD] Dropped 251 warm-up rows (250 rows remaining)
2026-04-22 18:36:33 | INFO     | src.features.technical_indicators | [GLD] Feature matrix ready: 250 rows x 98 columns
2026-04-22 18:36:33 | INFO     | src.features.technical_indicators | [BTC-USD] Building features from 731 bars
2026-04-22 18:36:33 | WARNING  | src.features.technical_indicators | Candlestick patterns failed: module 'pandas_ta' has no attribute 'cdl_hammer'
2026-04-22 18:36:33 | DEBUG    | src.features.technical_indicators | [BTC-USD] Trend: +25 features
2026-04-22 18:36:33 | DEBUG    | src.features.technical_indicators | [BTC-USD] Momentum: +13 features
2026-04-22 18:36:33 | DEBUG    | src.features.technical_indicators | [BTC-USD] Volatility: +18 features
2026-04-22 18:36:33 | DEBUG    | src.features.technical_indicators | [BTC-USD] Volume: +11 features
2026-04-22 18:36:33 | DEBUG    | src.features.technical_indicators | [BTC-USD] Returns: +18 features
2026-04-22 18:36:33 | DEBUG    | src.features.technical_indicators | [BTC-USD] Patterns: +4 features
2026-04-22 18:36:33 | DEBUG    | src.features.technical_indicators | [BTC-USD] Regime: +4 features
2026-04-22 18:36:33 | DEBUG    | src.features.technical_indicators | [BTC-USD] Dropped 251 warm-up rows (480 rows remaining)
2026-04-22 18:36:33 | INFO     | src.features.technical_indicators | [BTC-USD] Feature matrix ready: 480 rows x 98 columns
2026-04-22 18:36:33 | INFO     | src.features.technical_indicators | [DOL.TO] Building features from 503 bars
2026-04-22 18:36:33 | WARNING  | src.features.technical_indicators | Candlestick patterns failed: module 'pandas_ta' has no attribute 'cdl_hammer'
2026-04-22 18:36:33 | DEBUG    | src.features.technical_indicators | [DOL.TO] Trend: +25 features
2026-04-22 18:36:33 | DEBUG    | src.features.technical_indicators | [DOL.TO] Momentum: +13 features
2026-04-22 18:36:33 | DEBUG    | src.features.technical_indicators | [DOL.TO] Volatility: +18 features
2026-04-22 18:36:33 | DEBUG    | src.features.technical_indicators | [DOL.TO] Volume: +11 features
2026-04-22 18:36:33 | DEBUG    | src.features.technical_indicators | [DOL.TO] Returns: +18 features
2026-04-22 18:36:33 | DEBUG    | src.features.technical_indicators | [DOL.TO] Patterns: +4 features
2026-04-22 18:36:33 | DEBUG    | src.features.technical_indicators | [DOL.TO] Regime: +4 features
2026-04-22 18:36:33 | DEBUG    | src.features.technical_indicators | [DOL.TO] Dropped 251 warm-up rows (252 rows remaining)
2026-04-22 18:36:33 | INFO     | src.features.technical_indicators | [DOL.TO] Feature matrix ready: 252 rows x 98 columns
2026-04-22 18:36:33 | INFO     | src.features.technical_indicators | [VFV.TO] Building features from 503 bars
2026-04-22 18:36:34 | WARNING  | src.features.technical_indicators | Candlestick patterns failed: module 'pandas_ta' has no attribute 'cdl_hammer'
2026-04-22 18:36:34 | DEBUG    | src.features.technical_indicators | [VFV.TO] Trend: +25 features
2026-04-22 18:36:34 | DEBUG    | src.features.technical_indicators | [VFV.TO] Momentum: +13 features
2026-04-22 18:36:34 | DEBUG    | src.features.technical_indicators | [VFV.TO] Volatility: +18 features
2026-04-22 18:36:34 | DEBUG    | src.features.technical_indicators | [VFV.TO] Volume: +11 features
2026-04-22 18:36:34 | DEBUG    | src.features.technical_indicators | [VFV.TO] Returns: +18 features
2026-04-22 18:36:34 | DEBUG    | src.features.technical_indicators | [VFV.TO] Patterns: +4 features
2026-04-22 18:36:34 | DEBUG    | src.features.technical_indicators | [VFV.TO] Regime: +4 features
2026-04-22 18:36:34 | DEBUG    | src.features.technical_indicators | [VFV.TO] Dropped 251 warm-up rows (252 rows remaining)
2026-04-22 18:36:34 | INFO     | src.features.technical_indicators | [VFV.TO] Feature matrix ready: 252 rows x 98 columns
2026-04-22 18:36:34 | INFO     | src.features.technical_indicators | [CSU.TO] Building features from 503 bars
2026-04-22 18:36:34 | WARNING  | src.features.technical_indicators | Candlestick patterns failed: module 'pandas_ta' has no attribute 'cdl_hammer'
2026-04-22 18:36:34 | DEBUG    | src.features.technical_indicators | [CSU.TO] Trend: +25 features
2026-04-22 18:36:34 | DEBUG    | src.features.technical_indicators | [CSU.TO] Momentum: +13 features
2026-04-22 18:36:34 | DEBUG    | src.features.technical_indicators | [CSU.TO] Volatility: +18 features
2026-04-22 18:36:34 | DEBUG    | src.features.technical_indicators | [CSU.TO] Volume: +11 features
2026-04-22 18:36:34 | DEBUG    | src.features.technical_indicators | [CSU.TO] Returns: +18 features
2026-04-22 18:36:34 | DEBUG    | src.features.technical_indicators | [CSU.TO] Patterns: +4 features
2026-04-22 18:36:34 | DEBUG    | src.features.technical_indicators | [CSU.TO] Regime: +4 features
2026-04-22 18:36:34 | DEBUG    | src.features.technical_indicators | [CSU.TO] Dropped 251 warm-up rows (252 rows remaining)
2026-04-22 18:36:34 | INFO     | src.features.technical_indicators | [CSU.TO] Feature matrix ready: 252 rows x 98 columns
